+----+------------------------------+-----------------+-------+-------------------+--------------------------------------+-------------------+----------+----------------------------------+---------------------+-----------+----------+--------------------+
| id | seller_id                    | type            | price | title             | description              
            | product_condition | quantity | location                         | posted_date         | posted_by | status   | image_storage_ref  |
+----+------------------------------+-----------------+-------+-------------------+--------------------------------------+-------------------+----------+----------------------------------+---------------------+-----------+----------+--------------------+
|  1 | x8uocqJbNoWO7TL6ZCEXCR2Hm1k1 | School Supplies |    40 | CS 246 Textbook   | Used for one term, some highlights   | gently used       |        1 | UWaterloo SLC                    | 2025-06-19 13:23:27 | Alice     | for sale | images/cs246.jpg   |
|  2 | uid_bob                      | Furniture       |    25 | IKEA Chair        | Sturdy and clean         
            | like new          |        1 | Off-campus housing near Columbia | 2025-06-19 13:23:27 | bob       | for sale | images/chair.jpg   |
|  3 | uid_carol                    | Kitchen         |    10 | Toaster           | Still works perfectly, just upgraded | fair              |        1 | Village 1                        | 2025-06-19 13:23:27 | Carol     | pending  | images/toaster.jpg |
|  4 | x8uocqJbNoWO7TL6ZCEXCR2Hm1k1 | Electronics     |   100 | Bluetooth Speaker | Bass heavy, battery still good       | fair              |        1 | UWaterloo Dana Porter Library    | 2025-06-19 13:23:27 | Alice     | sold     | images/speaker.jpg |
|  5 | x8uocqJbNoWO7TL6ZCEXCR2Hm1k1 | Misc            |   150 | Hair Dryer        | Dyson Hair Dryer         
            | fair              |        1 | UWaterloo Dana Porter Library    | 2025-06-19 13:23:27 | Alice     | sold     | images/speaker.jpg |
|  6 | x8uocqJbNoWO7TL6ZCEXCR2Hm1k1 | School Supplies |    40 | CS 246 Textbook   | Used for one term, some highlights   | gently used       |        1 | UWaterloo SLC                    | 2025-06-19 13:23:27 | Alice     | for sale | images/cs246.jpg   |
|  7 | uid_bob                      | Furniture       |    25 | IKEA Chair        | Sturdy and clean         
            | like new          |        1 | Off-campus housing near Columbia | 2025-06-19 13:23:27 | Bob       | for sale | images/chair.jpg   |
|  8 | uid_carol                    | Kitchen         |    10 | Toaster           | Still works perfectly, just upgraded | fair              |        1 | Village 1                        | 2025-06-19 13:23:27 | Carol     | pending  | images/toaster.jpg |
|  9 | x8uocqJbNoWO7TL6ZCEXCR2Hm1k1 | Electronics     |   100 | Bluetooth Speaker | Bass heavy, battery still good       | fair              |        1 | UWaterloo Dana Porter Library    | 2025-06-19 13:23:27 | Alice     | sold     | images/speaker.jpg |
| 10 | x8uocqJbNoWO7TL6ZCEXCR2Hm1k1 | Misc            |   150 | Hair Dryer        | Dyson Hair Dryer         
            | fair              |        1 | UWaterloo Dana Porter Library    | 2025-06-19 13:23:27 | Alice     | sold     | images/speaker.jpg |
| 11 | x8uocqJbNoWO7TL6ZCEXCR2Hm1k1 | School Supplies |    40 | CS 246 Textbook   | Used for one term, some highlights   | gently used       |        1 | UWaterloo SLC                    | 2025-06-19 13:23:27 | Alice     | for sale | images/cs246.jpg   |
| 12 | uid_bob                      | Furniture       |    25 | IKEA Chair        | Sturdy and clean         
            | like new          |        1 | Off-campus housing near Columbia | 2025-06-19 13:23:27 | Bob    
   | for sale | images/chair.jpg   |
| 13 | uid_carol                    | Kitchen         |    10 | Toaster           | Still works perfectly, just upgraded | fair              |        1 | Village 1                        | 2025-06-19 13:23:27 | Carol     | pending  | images/toaster.jpg |
| 14 | x8uocqJbNoWO7TL6ZCEXCR2Hm1k1 | Electronics     |   100 | Bluetooth Speaker | Bass heavy, battery still good       | fair              |        1 | UWaterloo Dana Porter Library    | 2025-06-19 13:23:27 | Alice     | sold     | images/speaker.jpg |
| 15 | x8uocqJbNoWO7TL6ZCEXCR2Hm1k1 | Misc            |   150 | Hair Dryer        | Dyson Hair Dryer         
            | fair              |        1 | UWaterloo Dana Porter Library    | 2025-06-19 13:23:27 | Alice     | sold     | images/speaker.jpg |
| 16 | x8uocqJbNoWO7TL6ZCEXCR2Hm1k1 | School Supplies |    40 | CS 246 Textbook   | Used for one term, some highlights   | gently used       |        1 | UWaterloo SLC                    | 2025-06-19 13:23:27 | Alice     | for sale | images/cs246.jpg   |
| 17 | uid_bob                      | Furniture       |    25 | IKEA Chair        | Sturdy and clean         
            | like new          |        1 | Off-campus housing near Columbia | 2025-06-19 13:23:27 | Bob       | for sale | images/chair.jpg   |
| 18 | uid_carol                    | Kitchen         |    10 | Toaster           | Still works perfectly, just upgraded | fair              |        1 | Village 1                        | 2025-06-19 13:23:27 | Carol     | pending  | images/toaster.jpg |
| 19 | x8uocqJbNoWO7TL6ZCEXCR2Hm1k1 | Electronics     |   100 | Bluetooth Speaker | Bass heavy, battery still good       | fair              |        1 | UWaterloo Dana Porter Library    | 2025-06-19 13:23:27 | Alice     | sold     | images/speaker.jpg |
| 20 | x8uocqJbNoWO7TL6ZCEXCR2Hm1k1 | Misc            |   150 | Hair Dryer        | Dyson Hair Dryer         
            | fair              |        1 | UWaterloo Dana Porter Library    | 2025-06-19 13:23:27 | Alice     | sold     | images/speaker.jpg |
| 21 | x8uocqJbNoWO7TL6ZCEXCR2Hm1k1 | School Supplies |    40 | CS 246 Textbook   | Used for one term, some highlights   | gently used       |        1 | UWaterloo SLC                    | 2025-06-19 13:23:27 | Alice     | for sale | images/cs246.jpg   |
| 22 | uid_bob                      | Furniture       |    25 | IKEA Chair        | Sturdy and clean         
            | like new          |        1 | Off-campus housing near Columbia | 2025-06-19 13:23:27 | Bob       | for sale | images/chair.jpg   |
| 23 | uid_carol                    | Kitchen         |    10 | Toaster           | Still works perfectly, just upgraded | fair              |        1 | Village 1                        | 2025-06-19 13:23:27 | Carol     | pending  | images/toaster.jpg |
| 24 | x8uocqJbNoWO7TL6ZCEXCR2Hm1k1 | Electronics     |   100 | Bluetooth Speaker | Bass heavy, battery still good       | fair              |        1 | UWaterloo Dana Porter Library    | 2025-06-19 13:23:27 | Alice     | sold     | images/speaker.jpg |
| 25 | x8uocqJbNoWO7TL6ZCEXCR2Hm1k1 | Misc            |   150 | Hair Dryer        | Dyson Hair Dryer         
            | fair              |        1 | UWaterloo Dana Porter Library    | 2025-06-19 13:23:27 | Alice     | sold     | images/speaker.jpg |
| 26 | x8uocqJbNoWO7TL6ZCEXCR2Hm1k1 | School Supplies |    10 | Computer Bag      | A pristine computer bag.             | like new          |        1 | MC                               | 2025-06-19 13:45:24 | Alice     | for sale | images/bag.jpg     |
+----+------------------------------+-----------------+-------+-------------------+--------------------------------------+-------------------+----------+----------------------------------+---------------------+-----------+----------+--------------------+